<?xml version="1.0" encoding="UTF-8"?>
<testng-results ignored="0" total="1" passed="1" failed="0" skipped="0">
  <reporter-output>
  </reporter-output>
  <suite started-at="2025-06-26T22:41:53 IST" name="Default suite" finished-at="2025-06-26T22:41:53 IST" duration-ms="837">
    <groups>
      <group name="cucumber">
        <method signature="AbstractTestNGCucumberTests.runScenario(io.cucumber.testng.PickleWrapper,io.cucumber.testng.FeatureWrapper)[pri:0, instance:runner.HookTestRunner@5ddeb7cb]" name="runScenario" class="io.cucumber.testng.AbstractTestNGCucumberTests"/>
      </group> <!-- cucumber -->
    </groups>
    <test started-at="2025-06-26T22:41:53 IST" name="Default test" finished-at="2025-06-26T22:41:53 IST" duration-ms="837">
      <class name="runner.HookTestRunner">
        <test-method is-config="true" signature="setUpClass(org.testng.ITestContext)[pri:0, instance:runner.HookTestRunner@5ddeb7cb]" started-at="2025-06-26T22:41:53 IST" name="setUpClass" finished-at="2025-06-26T22:41:53 IST" duration-ms="515" status="PASS">
          <params>
            <param index="0">
              <value>
                <![CDATA[org.testng.TestRunner@675d8c96]]>
              </value>
            </param>
          </params>
          <reporter-output>
          </reporter-output>
        </test-method> <!-- setUpClass -->
        <test-method signature="runScenario(io.cucumber.testng.PickleWrapper,io.cucumber.testng.FeatureWrapper)[pri:0, instance:runner.HookTestRunner@5ddeb7cb]" started-at="2025-06-26T22:41:53 IST" name="runScenario" description="Runs Cucumber Scenarios" data-provider="scenarios" finished-at="2025-06-26T22:41:53 IST" duration-ms="220" status="PASS">
          <params>
            <param index="0">
              <value>
                <![CDATA["Just to test hooks"]]>
              </value>
            </param>
            <param index="1">
              <value>
                <![CDATA["Hook Test"]]>
              </value>
            </param>
          </params>
          <reporter-output>
          </reporter-output>
        </test-method> <!-- runScenario -->
        <test-method is-config="true" signature="tearDownClass()[pri:0, instance:runner.HookTestRunner@5ddeb7cb]" started-at="2025-06-26T22:41:53 IST" name="tearDownClass" finished-at="2025-06-26T22:41:53 IST" duration-ms="19" status="PASS">
          <reporter-output>
          </reporter-output>
        </test-method> <!-- tearDownClass -->
      </class> <!-- runner.HookTestRunner -->
    </test> <!-- Default test -->
  </suite> <!-- Default suite -->
</testng-results>
