<?xml version="1.0" encoding="UTF-8"?>
<testng-results ignored="0" total="2" passed="2" failed="0" skipped="0">
  <reporter-output>
  </reporter-output>
  <suite started-at="2025-06-20T13:04:03 IST" name="Default suite" finished-at="2025-06-20T13:04:20 IST" duration-ms="16966">
    <groups>
      <group name="cucumber">
        <method signature="AbstractTestNGCucumberTests.runScenario(io.cucumber.testng.PickleWrapper,io.cucumber.testng.FeatureWrapper)[pri:0, instance:runner.NewRegistrationRunner@738dc9b]" name="runScenario" class="io.cucumber.testng.AbstractTestNGCucumberTests"/>
      </group> <!-- cucumber -->
    </groups>
    <test started-at="2025-06-20T13:04:03 IST" name="Default test" finished-at="2025-06-20T13:04:20 IST" duration-ms="16966">
      <class name="runner.NewRegistrationRunner">
        <test-method is-config="true" signature="setUpClass(org.testng.ITestContext)[pri:0, instance:runner.NewRegistrationRunner@738dc9b]" started-at="2025-06-20T13:04:03 IST" name="setUpClass" finished-at="2025-06-20T13:04:03 IST" duration-ms="707" status="PASS">
          <params>
            <param index="0">
              <value>
                <![CDATA[org.testng.TestRunner@30abf79c]]>
              </value>
            </param>
          </params>
          <reporter-output>
          </reporter-output>
        </test-method> <!-- setUpClass -->
        <test-method signature="runScenario(io.cucumber.testng.PickleWrapper,io.cucumber.testng.FeatureWrapper)[pri:0, instance:runner.NewRegistrationRunner@738dc9b]" started-at="2025-06-20T13:04:03 IST" name="runScenario" description="Runs Cucumber Scenarios" data-provider="scenarios" finished-at="2025-06-20T13:04:11 IST" duration-ms="7862" status="PASS">
          <params>
            <param index="0">
              <value>
                <![CDATA["Successful registration with Multiple valid details"]]>
              </value>
            </param>
            <param index="1">
              <value>
                <![CDATA["ArenaCX New Account Registration Functionality"]]>
              </value>
            </param>
          </params>
          <reporter-output>
          </reporter-output>
        </test-method> <!-- runScenario -->
        <test-method signature="runScenario(io.cucumber.testng.PickleWrapper,io.cucumber.testng.FeatureWrapper)[pri:0, instance:runner.NewRegistrationRunner@738dc9b]" started-at="2025-06-20T13:04:11 IST" name="runScenario" description="Runs Cucumber Scenarios" data-provider="scenarios" finished-at="2025-06-20T13:04:17 IST" duration-ms="6082" status="PASS">
          <params>
            <param index="0">
              <value>
                <![CDATA["Successful registration with Multiple valid details"]]>
              </value>
            </param>
            <param index="1">
              <value>
                <![CDATA["ArenaCX New Account Registration Functionality"]]>
              </value>
            </param>
          </params>
          <reporter-output>
          </reporter-output>
        </test-method> <!-- runScenario -->
        <test-method is-config="true" signature="tearDownClass()[pri:0, instance:runner.NewRegistrationRunner@738dc9b]" started-at="2025-06-20T13:04:17 IST" name="tearDownClass" finished-at="2025-06-20T13:04:20 IST" duration-ms="2276" status="PASS">
          <reporter-output>
          </reporter-output>
        </test-method> <!-- tearDownClass -->
      </class> <!-- runner.NewRegistrationRunner -->
    </test> <!-- Default test -->
  </suite> <!-- Default suite -->
</testng-results>
