<?xml version="1.0" encoding="UTF-8"?>
<!-- Generated by org.testng.reporters.JUnitReportReporter -->
<testsuite hostname="Agalya" failures="0" tests="1" name="runner.LoginPage" time="0.254" errors="1" timestamp="2025-06-17T11:10:04 IST" skipped="0">
  <testcase classname="runner.LoginPage" name="runScenario" time="0.254">
    <error message="Cannot invoke &quot;org.openqa.selenium.chrome.ChromeDriver.manage()&quot; because &quot;this.driver&quot; is null" type="java.lang.NullPointerException">
      <![CDATA[java.lang.NullPointerException: Cannot invoke "org.openqa.selenium.chrome.ChromeDriver.manage()" because "this.driver" is null
at stepDefinition.LoginStepDefinition.launch_the_browser_and_load_the_url(LoginStepDefinition.java:17)
at ✽.Launch the browser and Load the Url(file:///C:/Users/agaly/Documents/manual%20testing%20agile%20txt/MyWorkspace/ArenaCX_cucumber/src/test/java/features/Login.feature:3)
]]>
    </error>
  </testcase> <!-- runScenario -->
  <system-out/>
</testsuite> <!-- runner.LoginPage -->
